{"time": "2023-06-22 21:40:41.519528", "appName": "Animation Test", "capabilities": {"platformName": "Android", "automationName": "flutter", "deviceName": "emulator-5554", "appPackage": "com.example.animation", "appActivity": ".MainActivity", "language": "en", "locale": "US"}, "result": [{"testName": "Testing Login", "time": "2023-06-22 21:40:41.519528", "status": "Success", "extraLog": "_", "duration": "400.82800000000003 ms", "steps": [], "screenshots": ["/screenshot/TestingLogin_214041.png"], "children": [{"testName": "Wrong Login", "time": "2023-06-22 21:40:41.715918", "status": "Success", "extraLog": "_", "duration": "0.0 ms", "steps": ["Username: 9800915400 Password: Wrong Password", "Login Button Pressed"], "screenshots": [], "videos": []}, {"testName": "Correct Login", "time": "2023-06-22 21:40:41.715918", "status": "Failed", "extraLog": "_", "duration": "0.0 ms", "steps": ["Username: 9800915400 Password: Correct Password", "Login Button Pressed"], "screenshots": ["/screenshot/Error_CorrectLogin_214041.png"], "videos": []}], "videos": []}, {"testName": "Testing CRUD", "time": "2023-06-22 21:40:41.920356", "status": "Error", "extraLog": "_", "duration": "7836.581 ms", "steps": [], "screenshots": [], "children": [{"testName": "Create", "time": "2023-06-22 21:40:41.920356", "status": "Success", "extraLog": "_", "duration": "197.472 ms", "steps": [], "screenshots": [], "children": [{"testName": "Create Correct", "time": "2023-06-22 21:40:41.920356", "status": "Failed", "extraLog": "_", "duration": "0.0 ms", "steps": ["Correct Info Was Added", "Create Button Is Pressed"], "screenshots": ["/screenshot/Error_CreateCorrect_214041.png"], "videos": []}, {"testName": "Create Wrong", "time": "2023-06-22 21:40:42.117828", "status": "Success", "extraLog": "_", "duration": "0.0 ms", "steps": ["Wrong Info Was Added", "Create Button Is Pressed"], "screenshots": [], "videos": []}], "videos": []}, {"testName": "Testing Read", "time": "2023-06-22 21:40:42.117828", "status": "Failed", "extraLog": "_", "duration": "3370.6589999999997 ms", "steps": ["Read Button Was Pressed", "Yes I want to read it any how was pressed"], "screenshots": ["/screenshot/Error_TestingRead_214045.png"], "videos": [{"video": "/video/TestingRead_214045.mp4", "thumbnail": "/video/thumbnail/TestingRead_22062023.png"}]}, {"testName": "Update", "time": "2023-06-22 21:40:45.686462", "status": "Error", "extraLog": "_", "duration": "705.1610000000001 ms", "steps": [], "screenshots": [], "children": [{"testName": "Update Correct", "time": "2023-06-22 21:40:45.686462", "status": "Success", "extraLog": "_", "duration": "500.797 ms", "steps": ["Correct Info Was Added", "Update Button Is Pressed"], "screenshots": [], "videos": []}, {"testName": "Update Wrong", "time": "2023-06-22 21:40:46.187259", "status": "Error", "extraLog": "division by zero\nTraceback (most recent call last):\n  File \"D:\\AppiumContribution\\AppiumFlutterReport\\PythonReportGenerator\\src\\appium_flutter_report\\group_and_test.py\", line 67, in __create_test_case\n    testing(logger)\nTypeError: group_crud() takes 0 positional arguments but 1 was given\n\nDuring handling of the above exception, another exception occurred:\n\nTraceback (most recent call last):\n  File \"D:\\AppiumContribution\\AppiumFlutterReport\\PythonReportGenerator\\src\\appium_flutter_report\\group_and_test.py\", line 67, in __create_test_case\n    testing(logger)\nTypeError: group_update() takes 0 positional arguments but 1 was given\n\nDuring handling of the above exception, another exception occurred:\n\nTraceback (most recent call last):\n  File \"D:\\AppiumContribution\\AppiumFlutterReport\\PythonReportGenerator\\src\\appium_flutter_report\\group_and_test.py\", line 73, in __create_test_case\n    testing(logger)\n  File \"D:\\AppiumContribution\\AppiumFlutterReport\\PythonReportGenerator\\test\\crud\\test_crud.py\", line 103, in update_wrong\n    a = 5 / 0\n        ~~^~~\nZeroDivisionError: division by zero\n", "duration": "204.36399999999998 ms", "steps": ["Got Error!: division by zero"], "screenshots": ["/screenshot/Error_UpdateWrong_214046.png"], "videos": []}], "videos": []}, {"testName": "Testing Delete", "time": "2023-06-22 21:40:46.391623", "status": "Success", "extraLog": "_", "duration": "3365.3140000000003 ms", "steps": ["Delete Button Was Pressed", "Confirm To Delete Was Pressed"], "screenshots": [], "videos": [{"video": "/video/TestingDelete_214049.mp4", "thumbnail": "/video/thumbnail/TestingDelete_22062023.png"}]}], "videos": []}], "duration": "8237.409 ms", "generatingReportTime": "0.0 ms"}